--------------------------------------------------------------------------------
      name:  <unnamed>
       log:  /Users/karangoel/Desktop/T10Y_yield_model.log
  log type:  text
 opened on:  25 Oct 2021, 00:34:29

. import delim using /Users/karangoel/Downloads/T10Y-All-Data.csv, delim(",")
(encoding automatically selected: ISO-8859-1)
(7 vars, 380 obs)

. reg yeartreasuryyield vixprice

      Source |       SS           df       MS      Number of obs   =       380
-------------+----------------------------------   F(1, 378)       =      2.12
       Model |  8.67340467         1  8.67340467   Prob > F        =    0.1463
    Residual |   1547.3562       378  4.09353493   R-squared       =    0.0056
-------------+----------------------------------   Adj R-squared   =    0.0029
       Total |  1556.02961       379  4.10561902   Root MSE        =    2.0232

------------------------------------------------------------------------------
yeartreasu~d | Coefficient  Std. err.      t    P>|t|     [95% conf. interval]
-------------+----------------------------------------------------------------
    vixprice |  -.0196355   .0134895    -1.46   0.146    -.0461593    .0068884
       _cons |   4.712737   .2826488    16.67   0.000     4.156976    5.268498
------------------------------------------------------------------------------

. reg yeartreasuryyield vixprice unemploymentrate interestrate changeincpi infla
> tionexpectation

      Source |       SS           df       MS      Number of obs   =       380
-------------+----------------------------------   F(5, 374)       =    302.74
       Model |  1247.73983         5  249.547965   Prob > F        =    0.0000
    Residual |  308.289781       374  .824304228   R-squared       =    0.8019
-------------+----------------------------------   Adj R-squared   =    0.7992
       Total |  1556.02961       379  4.10561902   Root MSE        =    .90791

-------------------------------------------------------------------------------
yeartreasur~d | Coefficient  Std. err.      t    P>|t|     [95% conf. interval]
--------------+----------------------------------------------------------------
     vixprice |  -.0222282   .0063777    -3.49   0.001    -.0347689   -.0096875
unemploymen~e |   .3493694   .0317966    10.99   0.000     .2868468     .411892
 interestrate |   .8456832   .0227338    37.20   0.000     .8009811    .8903854
  changeincpi |   .0190343   .1538059     0.12   0.902    -.2833985     .321467
inflationex~n |  -.1557778   .0910416    -1.71   0.088    -.3347953    .0232397
        _cons |   .8190024    .320108     2.56   0.011     .1895653    1.448439
-------------------------------------------------------------------------------

. reg yeartreasuryyield vixprice unemploymentrate interestrate changeincpi infla
> tionexpectation, noconstant

      Source |       SS           df       MS      Number of obs   =       380
-------------+----------------------------------   F(5, 375)       =   2000.51
       Model |  8367.09912         5  1673.41982   Prob > F        =    0.0000
    Residual |  313.685693       375  .836495181   R-squared       =    0.9639
-------------+----------------------------------   Adj R-squared   =    0.9634
       Total |  8680.78481       380  22.8441706   Root MSE        =     .9146

-------------------------------------------------------------------------------
yeartreasur~d | Coefficient  Std. err.      t    P>|t|     [95% conf. interval]
--------------+----------------------------------------------------------------
     vixprice |  -.0171078   .0061002    -2.80   0.005    -.0291026   -.0051129
unemploymen~e |   .3830121   .0291636    13.13   0.000     .3256673    .4403569
 interestrate |   .8603436    .022162    38.82   0.000     .8167664    .9039209
  changeincpi |  -.0207274   .1541461    -0.13   0.893    -.3238265    .2823717
inflationex~n |   .0021403   .0674177     0.03   0.975    -.1304238    .1347044
-------------------------------------------------------------------------------

. 
. log close
      name:  <unnamed>
       log:  /Users/karangoel/Desktop/T10Y_yield_model.log
  log type:  text
 closed on:  25 Oct 2021, 00:42:30
--------------------------------------------------------------------------------
